    OpenRGB v0.7
    Commit:  from 
    Launched: 20220211_234816
====================================================================================================

0     |Info:    Found file: solarized.orp attempting to validate header
0     |Info:    Valid v3 profile found for solarized
0     |Info:    Found file: Candy.orp attempting to validate header
0     |Info:    Valid v3 profile found for Candy
0     |Info:    Found file: CyanPink.orp attempting to validate header
0     |Info:    Valid v3 profile found for CyanPink
1000  |Info:    ------------------------------------------------------
1000  |Info:    |               Start device detection               |
1000  |Info:    ------------------------------------------------------
1000  |Info:    Initializing HID interfaces: Success
1004  |Info:    ------------------------------------------------------
1004  |Info:    |             Detecting I2C interfaces               |
1004  |Info:    ------------------------------------------------------
1004  |Info:    Registering I2C interface: /dev/i2c-3 Device 1022:790B Subsystem: 1043:87C0
1005  |Info:    Registering I2C interface: /dev/i2c-1 Device 1022:790B Subsystem: 1043:87C0
1005  |Info:    Registering I2C interface: /dev/i2c-8 Device 10DE:1E84 Subsystem: 1458:400D
1005  |Info:    Registering I2C interface: /dev/i2c-6 Device 10DE:1E84 Subsystem: 1458:400D
1005  |Info:    Registering I2C interface: /dev/i2c-4 Device 10DE:1E84 Subsystem: 1458:400D
1005  |Info:    Registering I2C interface: /dev/i2c-2 Device 1022:790B Subsystem: 1043:87C0
1005  |Info:    Registering I2C interface: /dev/i2c-0 Device 10DE:1AD9 Subsystem: 1458:400D
1005  |Info:    Registering I2C interface: /dev/i2c-9 Device 10DE:1E84 Subsystem: 1458:400D
1005  |Info:    Registering I2C interface: /dev/i2c-7 Device 10DE:1E84 Subsystem: 1458:400D
1005  |Info:    Registering I2C interface: /dev/i2c-5 Device 10DE:1E84 Subsystem: 1458:400D
1005  |Info:    ------------------------------------------------------
1005  |Info:    |               Detecting I2C devices                |
1005  |Info:    ------------------------------------------------------
1998  |Info:    ------------------------------------------------------
1998  |Info:    |               Detecting HID devices                |
1998  |Info:    ------------------------------------------------------
2017  |Info:    [Razer Blackwidow Chroma] Registering RGB controller
3832  |Info:    [NZXT Kraken X3] Registering RGB controller
5869  |Info:    [Gaming Mouse G900] Registering RGB controller
5896  |Info:    [ASUS PRIME X570-PRO] Registering RGB controller
9470  |Info:    [NZXT Smart Device V2] Registering RGB controller
9829  |Info:    Unable add this Logitech device: Not Connected
10186 |Info:    Unable add this Logitech device: Not Connected
10543 |Info:    Unable add this Logitech device: Not Connected
10900 |Info:    Unable add this Logitech device: Not Connected
11257 |Info:    Unable add this Logitech device: Not Connected
11614 |Info:    Unable add this Logitech device: Not Connected
11971 |Info:    Unable add this Logitech device: Not Connected
12328 |Info:    Unable add this Logitech device: Not Connected
12685 |Info:    Unable add this Logitech device: Not Connected
13042 |Info:    Unable add this Logitech device: Not Connected
13042 |Info:    [Logitech G933 Lightsync Headset] Registering RGB controller
13042 |Info:    ------------------------------------------------------
13042 |Info:    |              Detecting other devices               |
13042 |Info:    ------------------------------------------------------
13046 |Info:    ------------------------------------------------------
13046 |Info:    |                Detection completed                 |
13046 |Info:    ------------------------------------------------------
