    OpenRGB v0.7
    Commit:  from 
    Launched: 20220210_150029
====================================================================================================

0     |Info:    Found file: solarized.orp attempting to validate header
0     |Info:    Valid v3 profile found for solarized
0     |Info:    Found file: Candy.orp attempting to validate header
0     |Info:    Valid v3 profile found for Candy
0     |Info:    Found file: CyanPink.orp attempting to validate header
0     |Info:    Valid v3 profile found for CyanPink
1001  |Info:    ------------------------------------------------------
1001  |Info:    |               Start device detection               |
1001  |Info:    ------------------------------------------------------
1001  |Info:    Initializing HID interfaces: Success
1004  |Info:    ------------------------------------------------------
1004  |Info:    |             Detecting I2C interfaces               |
1004  |Info:    ------------------------------------------------------
1004  |Info:    Registering I2C interface: /dev/i2c-3 Device 1022:790B Subsystem: 1043:87C0
1004  |Info:    Registering I2C interface: /dev/i2c-1 Device 1022:790B Subsystem: 1043:87C0
1004  |Info:    Registering I2C interface: /dev/i2c-8 Device 10DE:1E84 Subsystem: 1458:400D
1004  |Info:    Registering I2C interface: /dev/i2c-6 Device 10DE:1E84 Subsystem: 1458:400D
1004  |Info:    Registering I2C interface: /dev/i2c-4 Device 10DE:1E84 Subsystem: 1458:400D
1004  |Info:    Registering I2C interface: /dev/i2c-2 Device 1022:790B Subsystem: 1043:87C0
1004  |Info:    Registering I2C interface: /dev/i2c-0 Device 10DE:1AD9 Subsystem: 1458:400D
1004  |Info:    Registering I2C interface: /dev/i2c-9 Device 10DE:1E84 Subsystem: 1458:400D
1004  |Info:    Registering I2C interface: /dev/i2c-7 Device 10DE:1E84 Subsystem: 1458:400D
1004  |Info:    Registering I2C interface: /dev/i2c-5 Device 10DE:1E84 Subsystem: 1458:400D
1004  |Info:    ------------------------------------------------------
1004  |Info:    |               Detecting I2C devices                |
1004  |Info:    ------------------------------------------------------
1761  |Info:    [ENE DRAM] Registering RGB controller
1910  |Info:    [ENE DRAM] Registering RGB controller
2058  |Info:    [ENE DRAM] Registering RGB controller
2207  |Info:    [ENE DRAM] Registering RGB controller
2377  |Info:    [Gigabyte RTX2070S Gaming OC 3X White] Registering RGB controller
2437  |Info:    ------------------------------------------------------
2437  |Info:    |               Detecting HID devices                |
2437  |Info:    ------------------------------------------------------
2449  |Info:    [Razer Blackwidow Chroma] Registering RGB controller
4184  |Info:    [NZXT Kraken X3] Registering RGB controller
4264  |Info:    [ASUS PRIME X570-PRO] Registering RGB controller
7136  |Info:    [NZXT Smart Device V2] Registering RGB controller
8651  |Info:    [Gaming Mouse G900] Registering RGB controller
8651  |Info:    [Logitech G933 Lightsync Headset] Registering RGB controller
8658  |Info:    ------------------------------------------------------
8658  |Info:    |              Detecting other devices               |
8658  |Info:    ------------------------------------------------------
8661  |Info:    ------------------------------------------------------
8661  |Info:    |                Detection completed                 |
8661  |Info:    ------------------------------------------------------
