    OpenRGB v0.7
    Commit:  from 
    Launched: 20220211_205747
====================================================================================================

0     |Info:    Found file: solarized.orp attempting to validate header
0     |Info:    Valid v3 profile found for solarized
0     |Info:    Found file: Candy.orp attempting to validate header
0     |Info:    Valid v3 profile found for Candy
0     |Info:    Found file: CyanPink.orp attempting to validate header
1     |Info:    Valid v3 profile found for CyanPink
1004  |Info:    ------------------------------------------------------
1004  |Info:    |               Start device detection               |
1004  |Info:    ------------------------------------------------------
1004  |Info:    Initializing HID interfaces: Success
1008  |Info:    ------------------------------------------------------
1008  |Info:    |             Detecting I2C interfaces               |
1008  |Info:    ------------------------------------------------------
1008  |Info:    Registering I2C interface: /dev/i2c-3 Device 1022:790B Subsystem: 1043:87C0
1008  |Info:    Registering I2C interface: /dev/i2c-1 Device 1022:790B Subsystem: 1043:87C0
1008  |Info:    Registering I2C interface: /dev/i2c-8 Device 10DE:1E84 Subsystem: 1458:400D
1008  |Info:    Registering I2C interface: /dev/i2c-6 Device 10DE:1E84 Subsystem: 1458:400D
1008  |Info:    Registering I2C interface: /dev/i2c-4 Device 10DE:1E84 Subsystem: 1458:400D
1008  |Info:    Registering I2C interface: /dev/i2c-2 Device 1022:790B Subsystem: 1043:87C0
1008  |Info:    Registering I2C interface: /dev/i2c-0 Device 10DE:1AD9 Subsystem: 1458:400D
1008  |Info:    Registering I2C interface: /dev/i2c-9 Device 10DE:1E84 Subsystem: 1458:400D
1008  |Info:    Registering I2C interface: /dev/i2c-7 Device 10DE:1E84 Subsystem: 1458:400D
1008  |Info:    Registering I2C interface: /dev/i2c-5 Device 10DE:1E84 Subsystem: 1458:400D
1008  |Info:    ------------------------------------------------------
1008  |Info:    |               Detecting I2C devices                |
1008  |Info:    ------------------------------------------------------
2079  |Info:    ------------------------------------------------------
2079  |Info:    |               Detecting HID devices                |
2079  |Info:    ------------------------------------------------------
2098  |Info:    [Razer Blackwidow Chroma] Registering RGB controller
3965  |Info:    [NZXT Kraken X3] Registering RGB controller
4049  |Info:    [ASUS PRIME X570-PRO] Registering RGB controller
7294  |Info:    [NZXT Smart Device V2] Registering RGB controller
7654  |Info:    Unable add this Logitech device: Not Connected
8011  |Info:    Unable add this Logitech device: Not Connected
8368  |Info:    Unable add this Logitech device: Not Connected
8725  |Info:    Unable add this Logitech device: Not Connected
9082  |Info:    Unable add this Logitech device: Not Connected
9439  |Info:    Unable add this Logitech device: Not Connected
9796  |Info:    Unable add this Logitech device: Not Connected
10153 |Info:    Unable add this Logitech device: Not Connected
10510 |Info:    Unable add this Logitech device: Not Connected
10867 |Info:    Unable add this Logitech device: Not Connected
10867 |Info:    [Logitech G933 Lightsync Headset] Registering RGB controller
10867 |Info:    ------------------------------------------------------
10867 |Info:    |              Detecting other devices               |
10867 |Info:    ------------------------------------------------------
10871 |Info:    ------------------------------------------------------
10871 |Info:    |                Detection completed                 |
10871 |Info:    ------------------------------------------------------
