    OpenRGB v0.7
    Commit:  from 
    Launched: 20220208_181317
====================================================================================================

0     |Info:    Found file: Candy.orp attempting to validate header
1     |Info:    Valid v3 profile found for Candy
1     |Info:    Found file: CyanPink.orp attempting to validate header
1     |Info:    Valid v3 profile found for CyanPink
1004  |Info:    ------------------------------------------------------
1004  |Info:    |               Start device detection               |
1004  |Info:    ------------------------------------------------------
1004  |Info:    Initializing HID interfaces: Success
1008  |Info:    ------------------------------------------------------
1008  |Info:    |             Detecting I2C interfaces               |
1008  |Info:    ------------------------------------------------------
1008  |Info:    Registering I2C interface: /dev/i2c-3 Device 1022:790B Subsystem: 1043:87C0
1008  |Info:    Registering I2C interface: /dev/i2c-1 Device 10DE:1AD9 Subsystem: 1458:400D
1008  |Info:    Registering I2C interface: /dev/i2c-8 Device 10DE:1E84 Subsystem: 1458:400D
1008  |Info:    Registering I2C interface: /dev/i2c-6 Device 10DE:1E84 Subsystem: 1458:400D
1008  |Info:    Registering I2C interface: /dev/i2c-4 Device 10DE:1E84 Subsystem: 1458:400D
1008  |Info:    Registering I2C interface: /dev/i2c-2 Device 1022:790B Subsystem: 1043:87C0
1008  |Info:    Registering I2C interface: /dev/i2c-0 Device 1022:790B Subsystem: 1043:87C0
1008  |Info:    Registering I2C interface: /dev/i2c-9 Device 10DE:1E84 Subsystem: 1458:400D
1009  |Info:    Registering I2C interface: /dev/i2c-7 Device 10DE:1E84 Subsystem: 1458:400D
1009  |Info:    Registering I2C interface: /dev/i2c-5 Device 10DE:1E84 Subsystem: 1458:400D
1009  |Info:    ------------------------------------------------------
1009  |Info:    |               Detecting I2C devices                |
1009  |Info:    ------------------------------------------------------
1064  |Info:    Loading plugins
1815  |Info:    [ENE DRAM] Registering RGB controller
1964  |Info:    [ENE DRAM] Registering RGB controller
2112  |Info:    [ENE DRAM] Registering RGB controller
2260  |Info:    [ENE DRAM] Registering RGB controller
2397  |Info:    [Gigabyte RTX2070S Gaming OC 3X White] Registering RGB controller
2457  |Info:    ------------------------------------------------------
2457  |Info:    |               Detecting HID devices                |
2457  |Info:    ------------------------------------------------------
2469  |Info:    [Razer Blackwidow Chroma] Registering RGB controller
4279  |Info:    [NZXT Kraken X3] Registering RGB controller
4369  |Info:    [ASUS PRIME X570-PRO] Registering RGB controller
7829  |Info:    [NZXT Smart Device V2] Registering RGB controller
9025  |Info:    [Gaming Mouse G900] Registering RGB controller
9032  |Info:    [Logitech G933 Lightsync Headset] Registering RGB controller
9032  |Info:    ------------------------------------------------------
9032  |Info:    |              Detecting other devices               |
9032  |Info:    ------------------------------------------------------
9035  |Info:    ------------------------------------------------------
9035  |Info:    |                Detection completed                 |
9035  |Info:    ------------------------------------------------------
