    OpenRGB v0.7
    Commit:  from 
    Launched: 20220211_173038
====================================================================================================

0     |Info:    Found file: solarized.orp attempting to validate header
0     |Info:    Valid v3 profile found for solarized
0     |Info:    Found file: Candy.orp attempting to validate header
0     |Info:    Valid v3 profile found for Candy
0     |Info:    Found file: CyanPink.orp attempting to validate header
0     |Info:    Valid v3 profile found for CyanPink
1000  |Info:    ------------------------------------------------------
1000  |Info:    |               Start device detection               |
1000  |Info:    ------------------------------------------------------
1000  |Info:    Initializing HID interfaces: Success
1005  |Info:    ------------------------------------------------------
1005  |Info:    |             Detecting I2C interfaces               |
1005  |Info:    ------------------------------------------------------
1005  |Info:    Registering I2C interface: /dev/i2c-3 Device 1022:790B Subsystem: 1043:87C0
1005  |Info:    Registering I2C interface: /dev/i2c-1 Device 1022:790B Subsystem: 1043:87C0
1005  |Info:    Registering I2C interface: /dev/i2c-8 Device 10DE:1E84 Subsystem: 1458:400D
1005  |Info:    Registering I2C interface: /dev/i2c-6 Device 10DE:1E84 Subsystem: 1458:400D
1005  |Info:    Registering I2C interface: /dev/i2c-4 Device 10DE:1E84 Subsystem: 1458:400D
1005  |Info:    Registering I2C interface: /dev/i2c-2 Device 1022:790B Subsystem: 1043:87C0
1005  |Info:    Registering I2C interface: /dev/i2c-0 Device 10DE:1AD9 Subsystem: 1458:400D
1005  |Info:    Registering I2C interface: /dev/i2c-9 Device 10DE:1E84 Subsystem: 1458:400D
1005  |Info:    Registering I2C interface: /dev/i2c-7 Device 10DE:1E84 Subsystem: 1458:400D
1005  |Info:    Registering I2C interface: /dev/i2c-5 Device 10DE:1E84 Subsystem: 1458:400D
1005  |Info:    ------------------------------------------------------
1005  |Info:    |               Detecting I2C devices                |
1005  |Info:    ------------------------------------------------------
1075  |Info:    Loading plugins
1860  |Info:    ------------------------------------------------------
1860  |Info:    |               Detecting HID devices                |
1860  |Info:    ------------------------------------------------------
1871  |Info:    [Razer Blackwidow Chroma] Registering RGB controller
3830  |Info:    [NZXT Kraken X3] Registering RGB controller
3909  |Info:    [ASUS PRIME X570-PRO] Registering RGB controller
6565  |Info:    [NZXT Smart Device V2] Registering RGB controller
7227  |Info:    [Gaming Mouse G900] Registering RGB controller
7227  |Info:    [Logitech G933 Lightsync Headset] Registering RGB controller
7227  |Info:    ------------------------------------------------------
7227  |Info:    |              Detecting other devices               |
7227  |Info:    ------------------------------------------------------
7231  |Info:    ------------------------------------------------------
7231  |Info:    |                Detection completed                 |
7231  |Info:    ------------------------------------------------------
17863 |Info:    ------------------------------------------------------
17863 |Info:    |               Start device detection               |
17863 |Info:    ------------------------------------------------------
17863 |Info:    Initializing HID interfaces: Success
17866 |Info:    ------------------------------------------------------
17866 |Info:    |             Detecting I2C interfaces               |
17866 |Info:    ------------------------------------------------------
17866 |Info:    Registering I2C interface: /dev/i2c-3 Device 1022:790B Subsystem: 1043:87C0
17866 |Info:    Registering I2C interface: /dev/i2c-1 Device 1022:790B Subsystem: 1043:87C0
17866 |Info:    Registering I2C interface: /dev/i2c-8 Device 10DE:1E84 Subsystem: 1458:400D
17866 |Info:    Registering I2C interface: /dev/i2c-6 Device 10DE:1E84 Subsystem: 1458:400D
17866 |Info:    Registering I2C interface: /dev/i2c-4 Device 10DE:1E84 Subsystem: 1458:400D
17866 |Info:    Registering I2C interface: /dev/i2c-2 Device 1022:790B Subsystem: 1043:87C0
17866 |Info:    Registering I2C interface: /dev/i2c-0 Device 10DE:1AD9 Subsystem: 1458:400D
17866 |Info:    Registering I2C interface: /dev/i2c-9 Device 10DE:1E84 Subsystem: 1458:400D
17866 |Info:    Registering I2C interface: /dev/i2c-7 Device 10DE:1E84 Subsystem: 1458:400D
17866 |Info:    Registering I2C interface: /dev/i2c-5 Device 10DE:1E84 Subsystem: 1458:400D
17866 |Info:    ------------------------------------------------------
17866 |Info:    |               Detecting I2C devices                |
17866 |Info:    ------------------------------------------------------
18721 |Info:    ------------------------------------------------------
18721 |Info:    |               Detecting HID devices                |
18721 |Info:    ------------------------------------------------------
18733 |Info:    [Razer Blackwidow Chroma] Registering RGB controller
20493 |Info:    [NZXT Kraken X3] Registering RGB controller
20573 |Info:    [ASUS PRIME X570-PRO] Registering RGB controller
23580 |Info:    [NZXT Smart Device V2] Registering RGB controller
24177 |Info:    [Gaming Mouse G900] Registering RGB controller
24177 |Info:    [Logitech G933 Lightsync Headset] Registering RGB controller
24177 |Info:    ------------------------------------------------------
24177 |Info:    |              Detecting other devices               |
24177 |Info:    ------------------------------------------------------
24178 |Info:    ------------------------------------------------------
24178 |Info:    |                Detection completed                 |
24178 |Info:    ------------------------------------------------------
