    OpenRGB v0.7
    Commit:  from 
    Launched: 20220210_145913
====================================================================================================

0     |Info:    Found file: solarized.orp attempting to validate header
0     |Info:    Valid v3 profile found for solarized
0     |Info:    Found file: Candy.orp attempting to validate header
0     |Info:    Valid v3 profile found for Candy
0     |Info:    Found file: CyanPink.orp attempting to validate header
0     |Info:    Valid v3 profile found for CyanPink
1000  |Info:    ------------------------------------------------------
1000  |Info:    |               Start device detection               |
1000  |Info:    ------------------------------------------------------
1000  |Info:    Initializing HID interfaces: Success
1005  |Info:    ------------------------------------------------------
1005  |Info:    |             Detecting I2C interfaces               |
1005  |Info:    ------------------------------------------------------
1005  |Info:    Registering I2C interface: /dev/i2c-3 Device 1022:790B Subsystem: 1043:87C0
1005  |Info:    Registering I2C interface: /dev/i2c-1 Device 1022:790B Subsystem: 1043:87C0
1005  |Info:    Registering I2C interface: /dev/i2c-8 Device 10DE:1E84 Subsystem: 1458:400D
1005  |Info:    Registering I2C interface: /dev/i2c-6 Device 10DE:1E84 Subsystem: 1458:400D
1005  |Info:    Registering I2C interface: /dev/i2c-4 Device 10DE:1E84 Subsystem: 1458:400D
1005  |Info:    Registering I2C interface: /dev/i2c-2 Device 1022:790B Subsystem: 1043:87C0
1005  |Info:    Registering I2C interface: /dev/i2c-0 Device 10DE:1AD9 Subsystem: 1458:400D
1005  |Info:    Registering I2C interface: /dev/i2c-9 Device 10DE:1E84 Subsystem: 1458:400D
1005  |Info:    Registering I2C interface: /dev/i2c-7 Device 10DE:1E84 Subsystem: 1458:400D
1005  |Info:    Registering I2C interface: /dev/i2c-5 Device 10DE:1E84 Subsystem: 1458:400D
1005  |Info:    ------------------------------------------------------
1005  |Info:    |               Detecting I2C devices                |
1005  |Info:    ------------------------------------------------------
1070  |Info:    Loading plugins
1762  |Info:    [ENE DRAM] Registering RGB controller
1912  |Info:    [ENE DRAM] Registering RGB controller
2062  |Info:    [ENE DRAM] Registering RGB controller
2212  |Info:    [ENE DRAM] Registering RGB controller
2382  |Info:    [Gigabyte RTX2070S Gaming OC 3X White] Registering RGB controller
2442  |Info:    ------------------------------------------------------
2442  |Info:    |               Detecting HID devices                |
2442  |Info:    ------------------------------------------------------
2454  |Info:    [Razer Blackwidow Chroma] Registering RGB controller
4424  |Info:    [NZXT Kraken X3] Registering RGB controller
4517  |Info:    [ASUS PRIME X570-PRO] Registering RGB controller
7971  |Info:    [NZXT Smart Device V2] Registering RGB controller
8549  |Info:    [Gaming Mouse G900] Registering RGB controller
8549  |Info:    [Logitech G933 Lightsync Headset] Registering RGB controller
8549  |Info:    ------------------------------------------------------
8549  |Info:    |              Detecting other devices               |
8549  |Info:    ------------------------------------------------------
8553  |Info:    ------------------------------------------------------
8553  |Info:    |                Detection completed                 |
8553  |Info:    ------------------------------------------------------
