    OpenRGB v0.7
    Commit:  from 
    Launched: 20220208_115436
====================================================================================================

0     |Info:    Found file: CyanPink.orp attempting to validate header
0     |Info:    Valid v3 profile found for CyanPink
1000  |Info:    ------------------------------------------------------
1000  |Info:    |               Start device detection               |
1000  |Info:    ------------------------------------------------------
1000  |Info:    Initializing HID interfaces: Success
1005  |Info:    ------------------------------------------------------
1005  |Info:    |             Detecting I2C interfaces               |
1005  |Info:    ------------------------------------------------------
1005  |Info:    Registering I2C interface: /dev/i2c-3 Device 1022:790B Subsystem: 1043:87C0
1005  |Info:    Registering I2C interface: /dev/i2c-1 Device 1022:790B Subsystem: 1043:87C0
1005  |Info:    Registering I2C interface: /dev/i2c-8 Device 10DE:1E84 Subsystem: 1458:400D
1005  |Info:    Registering I2C interface: /dev/i2c-6 Device 10DE:1E84 Subsystem: 1458:400D
1005  |Info:    Registering I2C interface: /dev/i2c-4 Device 10DE:1E84 Subsystem: 1458:400D
1005  |Info:    Registering I2C interface: /dev/i2c-2 Device 1022:790B Subsystem: 1043:87C0
1005  |Info:    Registering I2C interface: /dev/i2c-0 Device 10DE:1AD9 Subsystem: 1458:400D
1005  |Info:    Registering I2C interface: /dev/i2c-9 Device 10DE:1E84 Subsystem: 1458:400D
1005  |Info:    Registering I2C interface: /dev/i2c-7 Device 10DE:1E84 Subsystem: 1458:400D
1005  |Info:    Registering I2C interface: /dev/i2c-5 Device 10DE:1E84 Subsystem: 1458:400D
1005  |Info:    ------------------------------------------------------
1005  |Info:    |               Detecting I2C devices                |
1005  |Info:    ------------------------------------------------------
1060  |Info:    Loading plugins
1760  |Info:    [ENE DRAM] Registering RGB controller
1909  |Info:    [ENE DRAM] Registering RGB controller
2057  |Info:    [ENE DRAM] Registering RGB controller
2205  |Info:    [ENE DRAM] Registering RGB controller
2372  |Info:    [Gigabyte RTX2070S Gaming OC 3X White] Registering RGB controller
2433  |Info:    ------------------------------------------------------
2433  |Info:    |               Detecting HID devices                |
2433  |Info:    ------------------------------------------------------
2445  |Info:    [Razer Blackwidow Chroma] Registering RGB controller
4552  |Info:    [NZXT Kraken X3] Registering RGB controller
4630  |Info:    [ASUS PRIME X570-PRO] Registering RGB controller
8106  |Info:    [NZXT Smart Device V2] Registering RGB controller
8460  |Info:    Unable add this Logitech device: Not Connected
8814  |Info:    Unable add this Logitech device: Not Connected
9168  |Info:    Unable add this Logitech device: Not Connected
9522  |Info:    Unable add this Logitech device: Not Connected
9876  |Info:    Unable add this Logitech device: Not Connected
10230 |Info:    Unable add this Logitech device: Not Connected
10584 |Info:    Unable add this Logitech device: Not Connected
10938 |Info:    Unable add this Logitech device: Not Connected
11292 |Info:    Unable add this Logitech device: Not Connected
11646 |Info:    Unable add this Logitech device: Not Connected
11646 |Info:    [Logitech G933 Lightsync Headset] Registering RGB controller
11646 |Info:    ------------------------------------------------------
11646 |Info:    |              Detecting other devices               |
11646 |Info:    ------------------------------------------------------
11650 |Info:    ------------------------------------------------------
11650 |Info:    |                Detection completed                 |
11650 |Info:    ------------------------------------------------------
130021|Info:    Found file: Candy.orp attempting to validate header
130021|Info:    Valid v3 profile found for Candy
130021|Info:    Found file: CyanPink.orp attempting to validate header
130021|Info:    Valid v3 profile found for CyanPink
