    OpenRGB v0.7
    Commit:  from 
    Launched: 20220212_140845
====================================================================================================

0     |Info:    Found file: solarized.orp attempting to validate header
0     |Info:    Valid v3 profile found for solarized
0     |Info:    Found file: Candy.orp attempting to validate header
0     |Info:    Valid v3 profile found for Candy
0     |Info:    Found file: CyanPink.orp attempting to validate header
0     |Info:    Valid v3 profile found for CyanPink
1000  |Info:    ------------------------------------------------------
1000  |Info:    |               Start device detection               |
1000  |Info:    ------------------------------------------------------
1000  |Info:    Initializing HID interfaces: Success
1005  |Info:    ------------------------------------------------------
1005  |Info:    |             Detecting I2C interfaces               |
1005  |Info:    ------------------------------------------------------
1005  |Info:    Registering I2C interface: /dev/i2c-3 Device 1022:790B Subsystem: 1043:87C0
1005  |Info:    Registering I2C interface: /dev/i2c-1 Device 10DE:1AD9 Subsystem: 1458:400D
1005  |Info:    Registering I2C interface: /dev/i2c-8 Device 10DE:1E84 Subsystem: 1458:400D
1005  |Info:    Registering I2C interface: /dev/i2c-6 Device 10DE:1E84 Subsystem: 1458:400D
1005  |Info:    Registering I2C interface: /dev/i2c-4 Device 10DE:1E84 Subsystem: 1458:400D
1005  |Info:    Registering I2C interface: /dev/i2c-2 Device 1022:790B Subsystem: 1043:87C0
1005  |Info:    Registering I2C interface: /dev/i2c-0 Device 1022:790B Subsystem: 1043:87C0
1005  |Info:    Registering I2C interface: /dev/i2c-9 Device 10DE:1E84 Subsystem: 1458:400D
1005  |Info:    Registering I2C interface: /dev/i2c-7 Device 10DE:1E84 Subsystem: 1458:400D
1005  |Info:    Registering I2C interface: /dev/i2c-5 Device 10DE:1E84 Subsystem: 1458:400D
1005  |Info:    ------------------------------------------------------
1005  |Info:    |               Detecting I2C devices                |
1005  |Info:    ------------------------------------------------------
1075  |Info:    Loading plugins
2040  |Info:    [ENE DRAM] Registering RGB controller
2189  |Info:    [ENE DRAM] Registering RGB controller
2337  |Info:    [ENE DRAM] Registering RGB controller
2485  |Info:    [ENE DRAM] Registering RGB controller
2625  |Info:    ------------------------------------------------------
2625  |Info:    |               Detecting HID devices                |
2625  |Info:    ------------------------------------------------------
2637  |Info:    [Razer Blackwidow Chroma] Registering RGB controller
4396  |Info:    [NZXT Kraken X3] Registering RGB controller
4818  |Info:    [Gaming Mouse G900] Registering RGB controller
4900  |Info:    [ASUS PRIME X570-PRO] Registering RGB controller
7689  |Info:    [NZXT Smart Device V2] Registering RGB controller
8043  |Info:    Unable add this Logitech device: Not Connected
8397  |Info:    Unable add this Logitech device: Not Connected
8751  |Info:    Unable add this Logitech device: Not Connected
9105  |Info:    Unable add this Logitech device: Not Connected
9459  |Info:    Unable add this Logitech device: Not Connected
9813  |Info:    Unable add this Logitech device: Not Connected
10167 |Info:    Unable add this Logitech device: Not Connected
10521 |Info:    Unable add this Logitech device: Not Connected
10875 |Info:    Unable add this Logitech device: Not Connected
11229 |Info:    Unable add this Logitech device: Not Connected
11229 |Info:    [Logitech G933 Lightsync Headset] Registering RGB controller
11229 |Info:    ------------------------------------------------------
11229 |Info:    |              Detecting other devices               |
11229 |Info:    ------------------------------------------------------
11233 |Info:    ------------------------------------------------------
11233 |Info:    |                Detection completed                 |
11233 |Info:    ------------------------------------------------------
