    OpenRGB v0.7
    Commit:  from 
    Launched: 20220212_140814
====================================================================================================

0     |Info:    Found file: solarized.orp attempting to validate header
0     |Info:    Valid v3 profile found for solarized
0     |Info:    Found file: Candy.orp attempting to validate header
0     |Info:    Valid v3 profile found for Candy
0     |Info:    Found file: CyanPink.orp attempting to validate header
0     |Info:    Valid v3 profile found for CyanPink
1003  |Info:    ------------------------------------------------------
1003  |Info:    |               Start device detection               |
1003  |Info:    ------------------------------------------------------
1003  |Info:    Initializing HID interfaces: Success
1008  |Info:    ------------------------------------------------------
1008  |Info:    |             Detecting I2C interfaces               |
1008  |Info:    ------------------------------------------------------
1008  |Info:    Registering I2C interface: /dev/i2c-3 Device 1022:790B Subsystem: 1043:87C0
1008  |Info:    Registering I2C interface: /dev/i2c-1 Device 10DE:1AD9 Subsystem: 1458:400D
1008  |Info:    Registering I2C interface: /dev/i2c-8 Device 10DE:1E84 Subsystem: 1458:400D
1008  |Info:    Registering I2C interface: /dev/i2c-6 Device 10DE:1E84 Subsystem: 1458:400D
1008  |Info:    Registering I2C interface: /dev/i2c-4 Device 10DE:1E84 Subsystem: 1458:400D
1008  |Info:    Registering I2C interface: /dev/i2c-2 Device 1022:790B Subsystem: 1043:87C0
1008  |Info:    Registering I2C interface: /dev/i2c-0 Device 1022:790B Subsystem: 1043:87C0
1008  |Info:    Registering I2C interface: /dev/i2c-9 Device 10DE:1E84 Subsystem: 1458:400D
1008  |Info:    Registering I2C interface: /dev/i2c-7 Device 10DE:1E84 Subsystem: 1458:400D
1008  |Info:    Registering I2C interface: /dev/i2c-5 Device 10DE:1E84 Subsystem: 1458:400D
1008  |Info:    ------------------------------------------------------
1008  |Info:    |               Detecting I2C devices                |
1008  |Info:    ------------------------------------------------------
2427  |Info:    [ASUS Aura Motherboard] Registering RGB controller
2721  |Info:    [ASUS Aura Motherboard] Registering RGB controller
2970  |Info:    [ASUS Aura Motherboard] Registering RGB controller
3218  |Info:    [ASUS Aura Motherboard] Registering RGB controller
3485  |Info:    ------------------------------------------------------
3485  |Info:    |               Detecting HID devices                |
3485  |Info:    ------------------------------------------------------
3505  |Info:    [Razer Blackwidow Chroma] Registering RGB controller
5721  |Info:    [NZXT Kraken X3] Registering RGB controller
7755  |Info:    [Gaming Mouse G900] Registering RGB controller
7779  |Info:    [ASUS PRIME X570-PRO] Registering RGB controller
10402 |Info:    [NZXT Smart Device V2] Registering RGB controller
10762 |Info:    Unable add this Logitech device: Not Connected
11119 |Info:    Unable add this Logitech device: Not Connected
11476 |Info:    Unable add this Logitech device: Not Connected
11833 |Info:    Unable add this Logitech device: Not Connected
12190 |Info:    Unable add this Logitech device: Not Connected
12547 |Info:    Unable add this Logitech device: Not Connected
12904 |Info:    Unable add this Logitech device: Not Connected
13261 |Info:    Unable add this Logitech device: Not Connected
13618 |Info:    Unable add this Logitech device: Not Connected
13975 |Info:    Unable add this Logitech device: Not Connected
13975 |Info:    [Logitech G933 Lightsync Headset] Registering RGB controller
13975 |Info:    ------------------------------------------------------
13975 |Info:    |              Detecting other devices               |
13975 |Info:    ------------------------------------------------------
13980 |Info:    ------------------------------------------------------
13980 |Info:    |                Detection completed                 |
13980 |Info:    ------------------------------------------------------
