    OpenRGB v0.7
    Commit:  from 
    Launched: 20220208_121534
====================================================================================================

0     |Info:    Found file: Candy.orp attempting to validate header
0     |Info:    Valid v3 profile found for Candy
0     |Info:    Found file: CyanPink.orp attempting to validate header
0     |Info:    Valid v3 profile found for CyanPink
1000  |Info:    ------------------------------------------------------
1000  |Info:    |               Start device detection               |
1000  |Info:    ------------------------------------------------------
1000  |Info:    Initializing HID interfaces: Success
1005  |Info:    ------------------------------------------------------
1005  |Info:    |             Detecting I2C interfaces               |
1005  |Info:    ------------------------------------------------------
1005  |Info:    Registering I2C interface: /dev/i2c-3 Device 1022:790B Subsystem: 1043:87C0
1005  |Info:    Registering I2C interface: /dev/i2c-1 Device 1022:790B Subsystem: 1043:87C0
1005  |Info:    Registering I2C interface: /dev/i2c-8 Device 10DE:1E84 Subsystem: 1458:400D
1005  |Info:    Registering I2C interface: /dev/i2c-6 Device 10DE:1E84 Subsystem: 1458:400D
1005  |Info:    Registering I2C interface: /dev/i2c-4 Device 10DE:1E84 Subsystem: 1458:400D
1005  |Info:    Registering I2C interface: /dev/i2c-2 Device 1022:790B Subsystem: 1043:87C0
1005  |Info:    Registering I2C interface: /dev/i2c-0 Device 10DE:1AD9 Subsystem: 1458:400D
1005  |Info:    Registering I2C interface: /dev/i2c-9 Device 10DE:1E84 Subsystem: 1458:400D
1005  |Info:    Registering I2C interface: /dev/i2c-7 Device 10DE:1E84 Subsystem: 1458:400D
1005  |Info:    Registering I2C interface: /dev/i2c-5 Device 10DE:1E84 Subsystem: 1458:400D
1005  |Info:    ------------------------------------------------------
1005  |Info:    |               Detecting I2C devices                |
1005  |Info:    ------------------------------------------------------
1061  |Info:    Loading plugins
1760  |Info:    [ENE DRAM] Registering RGB controller
1909  |Info:    [ENE DRAM] Registering RGB controller
2057  |Info:    [ENE DRAM] Registering RGB controller
2205  |Info:    [ENE DRAM] Registering RGB controller
2373  |Info:    [Gigabyte RTX2070S Gaming OC 3X White] Registering RGB controller
2434  |Info:    ------------------------------------------------------
2434  |Info:    |               Detecting HID devices                |
2434  |Info:    ------------------------------------------------------
2446  |Info:    [Razer Blackwidow Chroma] Registering RGB controller
4399  |Info:    [NZXT Kraken X3] Registering RGB controller
4477  |Info:    [ASUS PRIME X570-PRO] Registering RGB controller
7869  |Info:    [NZXT Smart Device V2] Registering RGB controller
8467  |Info:    [Gaming Mouse G900] Registering RGB controller
8467  |Info:    [Logitech G933 Lightsync Headset] Registering RGB controller
8467  |Info:    ------------------------------------------------------
8467  |Info:    |              Detecting other devices               |
8467  |Info:    ------------------------------------------------------
8471  |Info:    ------------------------------------------------------
8471  |Info:    |                Detection completed                 |
8471  |Info:    ------------------------------------------------------
37460 |Info:    Found file: Candy.orp attempting to validate header
37460 |Info:    Valid v3 profile found for Candy
37460 |Info:    Found file: CyanPink.orp attempting to validate header
37460 |Info:    Valid v3 profile found for CyanPink
