    OpenRGB v0.7
    Commit:  from 
    Launched: 20220210_145828
====================================================================================================

0     |Info:    Found file: solarized.orp attempting to validate header
0     |Info:    Valid v3 profile found for solarized
0     |Info:    Found file: Candy.orp attempting to validate header
0     |Info:    Valid v3 profile found for Candy
0     |Info:    Found file: CyanPink.orp attempting to validate header
0     |Info:    Valid v3 profile found for CyanPink
1001  |Info:    ------------------------------------------------------
1001  |Info:    |               Start device detection               |
1001  |Info:    ------------------------------------------------------
1001  |Info:    Initializing HID interfaces: Success
1004  |Info:    ------------------------------------------------------
1004  |Info:    |             Detecting I2C interfaces               |
1004  |Info:    ------------------------------------------------------
1004  |Info:    Registering I2C interface: /dev/i2c-3 Device 1022:790B Subsystem: 1043:87C0
1004  |Info:    Registering I2C interface: /dev/i2c-1 Device 1022:790B Subsystem: 1043:87C0
1004  |Info:    Registering I2C interface: /dev/i2c-8 Device 10DE:1E84 Subsystem: 1458:400D
1004  |Info:    Registering I2C interface: /dev/i2c-6 Device 10DE:1E84 Subsystem: 1458:400D
1004  |Info:    Registering I2C interface: /dev/i2c-4 Device 10DE:1E84 Subsystem: 1458:400D
1004  |Info:    Registering I2C interface: /dev/i2c-2 Device 1022:790B Subsystem: 1043:87C0
1004  |Info:    Registering I2C interface: /dev/i2c-0 Device 10DE:1AD9 Subsystem: 1458:400D
1004  |Info:    Registering I2C interface: /dev/i2c-9 Device 10DE:1E84 Subsystem: 1458:400D
1004  |Info:    Registering I2C interface: /dev/i2c-7 Device 10DE:1E84 Subsystem: 1458:400D
1004  |Info:    Registering I2C interface: /dev/i2c-5 Device 10DE:1E84 Subsystem: 1458:400D
1004  |Info:    ------------------------------------------------------
1004  |Info:    |               Detecting I2C devices                |
1004  |Info:    ------------------------------------------------------
1760  |Info:    [ENE DRAM] Registering RGB controller
1909  |Info:    [ENE DRAM] Registering RGB controller
2057  |Info:    [ENE DRAM] Registering RGB controller
2208  |Info:    [ENE DRAM] Registering RGB controller
2381  |Info:    [Gigabyte RTX2070S Gaming OC 3X White] Registering RGB controller
2441  |Info:    ------------------------------------------------------
2441  |Info:    |               Detecting HID devices                |
2441  |Info:    ------------------------------------------------------
2453  |Info:    [Razer Blackwidow Chroma] Registering RGB controller
4640  |Info:    [NZXT Kraken X3] Registering RGB controller
4717  |Info:    [ASUS PRIME X570-PRO] Registering RGB controller
8058  |Info:    [NZXT Smart Device V2] Registering RGB controller
9285  |Info:    [Gaming Mouse G900] Registering RGB controller
9285  |Info:    [Logitech G933 Lightsync Headset] Registering RGB controller
9285  |Info:    ------------------------------------------------------
9285  |Info:    |              Detecting other devices               |
9285  |Info:    ------------------------------------------------------
9289  |Info:    ------------------------------------------------------
9289  |Info:    |                Detection completed                 |
9289  |Info:    ------------------------------------------------------
