    OpenRGB v0.7
    Commit:  from 
    Launched: 20220213_142039
====================================================================================================

0     |Info:    Found file: solarized.orp attempting to validate header
0     |Info:    Valid v3 profile found for solarized
0     |Info:    Found file: Candy.orp attempting to validate header
0     |Info:    Valid v3 profile found for Candy
0     |Info:    Found file: CyanPink.orp attempting to validate header
0     |Info:    Valid v3 profile found for CyanPink
1000  |Info:    ------------------------------------------------------
1000  |Info:    |               Start device detection               |
1000  |Info:    ------------------------------------------------------
1000  |Info:    Initializing HID interfaces: Success
1005  |Info:    ------------------------------------------------------
1005  |Info:    |             Detecting I2C interfaces               |
1005  |Info:    ------------------------------------------------------
1005  |Info:    Registering I2C interface: /dev/i2c-3 Device 1022:790B Subsystem: 1043:87C0
1005  |Info:    Registering I2C interface: /dev/i2c-1 Device 1022:790B Subsystem: 1043:87C0
1005  |Info:    Registering I2C interface: /dev/i2c-8 Device 10DE:1E84 Subsystem: 1458:400D
1005  |Info:    Registering I2C interface: /dev/i2c-6 Device 10DE:1E84 Subsystem: 1458:400D
1005  |Info:    Registering I2C interface: /dev/i2c-4 Device 10DE:1E84 Subsystem: 1458:400D
1005  |Info:    Registering I2C interface: /dev/i2c-2 Device 1022:790B Subsystem: 1043:87C0
1005  |Info:    Registering I2C interface: /dev/i2c-0 Device 10DE:1AD9 Subsystem: 1458:400D
1005  |Info:    Registering I2C interface: /dev/i2c-9 Device 10DE:1E84 Subsystem: 1458:400D
1005  |Info:    Registering I2C interface: /dev/i2c-7 Device 10DE:1E84 Subsystem: 1458:400D
1005  |Info:    Registering I2C interface: /dev/i2c-5 Device 10DE:1E84 Subsystem: 1458:400D
1005  |Info:    ------------------------------------------------------
1005  |Info:    |               Detecting I2C devices                |
1005  |Info:    ------------------------------------------------------
1089  |Info:    Loading plugins
2006  |Info:    [ENE DRAM] Registering RGB controller
2154  |Info:    [ENE DRAM] Registering RGB controller
2303  |Info:    [ENE DRAM] Registering RGB controller
2451  |Info:    [ENE DRAM] Registering RGB controller
2629  |Info:    ------------------------------------------------------
2629  |Info:    |               Detecting HID devices                |
2629  |Info:    ------------------------------------------------------
2640  |Info:    [Razer Blackwidow Chroma] Registering RGB controller
4556  |Info:    [NZXT Kraken X3] Registering RGB controller
4635  |Info:    [ASUS PRIME X570-PRO] Registering RGB controller
7384  |Info:    [NZXT Smart Device V2] Registering RGB controller
8144  |Info:    [Gaming Mouse G900] Registering RGB controller
8150  |Info:    [Logitech G933 Lightsync Headset] Registering RGB controller
8150  |Info:    ------------------------------------------------------
8150  |Info:    |              Detecting other devices               |
8150  |Info:    ------------------------------------------------------
8155  |Info:    ------------------------------------------------------
8155  |Info:    |                Detection completed                 |
8155  |Info:    ------------------------------------------------------
