    OpenRGB v0.7
    Commit:  from 
    Launched: 20220215_104321
====================================================================================================

0     |Info:    Found file: solarized.orp attempting to validate header
0     |Info:    Valid v3 profile found for solarized
0     |Info:    Found file: Candy.orp attempting to validate header
0     |Info:    Valid v3 profile found for Candy
0     |Info:    Found file: CyanPink.orp attempting to validate header
0     |Info:    Valid v3 profile found for CyanPink
1000  |Info:    ------------------------------------------------------
1000  |Info:    |               Start device detection               |
1000  |Info:    ------------------------------------------------------
1000  |Info:    Initializing HID interfaces: Success
1003  |Info:    ------------------------------------------------------
1003  |Info:    |             Detecting I2C interfaces               |
1003  |Info:    ------------------------------------------------------
1003  |Info:    Registering I2C interface: /dev/i2c-3 Device 10DE:1AD9 Subsystem: 1458:400D
1004  |Info:    Registering I2C interface: /dev/i2c-1 Device 1022:790B Subsystem: 1043:87C0
1004  |Info:    Registering I2C interface: /dev/i2c-8 Device 10DE:1E84 Subsystem: 1458:400D
1004  |Info:    Registering I2C interface: /dev/i2c-6 Device 10DE:1E84 Subsystem: 1458:400D
1004  |Info:    Registering I2C interface: /dev/i2c-4 Device 10DE:1E84 Subsystem: 1458:400D
1004  |Info:    Registering I2C interface: /dev/i2c-2 Device 1022:790B Subsystem: 1043:87C0
1004  |Info:    Registering I2C interface: /dev/i2c-0 Device 1022:790B Subsystem: 1043:87C0
1004  |Info:    Registering I2C interface: /dev/i2c-9 Device 10DE:1E84 Subsystem: 1458:400D
1004  |Info:    Registering I2C interface: /dev/i2c-7 Device 10DE:1E84 Subsystem: 1458:400D
1004  |Info:    Registering I2C interface: /dev/i2c-5 Device 10DE:1E84 Subsystem: 1458:400D
1004  |Info:    ------------------------------------------------------
1004  |Info:    |               Detecting I2C devices                |
1004  |Info:    ------------------------------------------------------
1862  |Info:    ------------------------------------------------------
1863  |Info:    |               Detecting HID devices                |
1863  |Info:    ------------------------------------------------------
1879  |Info:    [Razer Blackwidow Chroma] Registering RGB controller
3689  |Info:    [NZXT Kraken X3] Registering RGB controller
3768  |Info:    [ASUS PRIME X570-PRO] Registering RGB controller
7249  |Info:    [NZXT Smart Device V2] Registering RGB controller
8090  |Info:    [Gaming Mouse G900] Registering RGB controller
8090  |Info:    [Logitech G933 Lightsync Headset] Registering RGB controller
8090  |Info:    ------------------------------------------------------
8090  |Info:    |              Detecting other devices               |
8090  |Info:    ------------------------------------------------------
8093  |Info:    ------------------------------------------------------
8093  |Info:    |                Detection completed                 |
8093  |Info:    ------------------------------------------------------
