    OpenRGB v0.7
    Commit:  from 
    Launched: 20220219_174905
====================================================================================================

0     |Info:    Found file: solarized.orp attempting to validate header
0     |Info:    Valid v3 profile found for solarized
0     |Info:    Found file: Candy.orp attempting to validate header
0     |Info:    Valid v3 profile found for Candy
0     |Info:    Found file: CyanPink.orp attempting to validate header
0     |Info:    Valid v3 profile found for CyanPink
1003  |Info:    ------------------------------------------------------
1003  |Info:    |               Start device detection               |
1003  |Info:    ------------------------------------------------------
1003  |Info:    Initializing HID interfaces: Success
1007  |Info:    ------------------------------------------------------
1007  |Info:    |             Detecting I2C interfaces               |
1007  |Info:    ------------------------------------------------------
1007  |Info:    Registering I2C interface: /dev/i2c-3 Device 1022:790B Subsystem: 1043:87C0
1007  |Info:    Registering I2C interface: /dev/i2c-1 Device 1022:790B Subsystem: 1043:87C0
1007  |Info:    Registering I2C interface: /dev/i2c-8 Device 10DE:1E84 Subsystem: 1458:400D
1007  |Info:    Registering I2C interface: /dev/i2c-6 Device 10DE:1E84 Subsystem: 1458:400D
1007  |Info:    Registering I2C interface: /dev/i2c-4 Device 10DE:1E84 Subsystem: 1458:400D
1007  |Info:    Registering I2C interface: /dev/i2c-2 Device 1022:790B Subsystem: 1043:87C0
1007  |Info:    Registering I2C interface: /dev/i2c-0 Device 10DE:1AD9 Subsystem: 1458:400D
1007  |Info:    Registering I2C interface: /dev/i2c-9 Device 10DE:1E84 Subsystem: 1458:400D
1007  |Info:    Registering I2C interface: /dev/i2c-7 Device 10DE:1E84 Subsystem: 1458:400D
1007  |Info:    Registering I2C interface: /dev/i2c-5 Device 10DE:1E84 Subsystem: 1458:400D
1007  |Info:    ------------------------------------------------------
1007  |Info:    |               Detecting I2C devices                |
1007  |Info:    ------------------------------------------------------
1061  |Info:    Loading plugins
1791  |Info:    [ENE DRAM] Registering RGB controller
1941  |Info:    [ENE DRAM] Registering RGB controller
2090  |Info:    [ENE DRAM] Registering RGB controller
2238  |Info:    [ENE DRAM] Registering RGB controller
2412  |Info:    [Gigabyte RTX2070S Gaming OC 3X White] Registering RGB controller
2471  |Info:    ------------------------------------------------------
2471  |Info:    |               Detecting HID devices                |
2471  |Info:    ------------------------------------------------------
2483  |Info:    [Razer Blackwidow Chroma] Registering RGB controller
4538  |Info:    [NZXT Kraken X3] Registering RGB controller
4629  |Info:    [ASUS PRIME X570-PRO] Registering RGB controller
8116  |Info:    [NZXT Smart Device V2] Registering RGB controller
8687  |Info:    [Gaming Mouse G900] Registering RGB controller
8693  |Info:    [Logitech G933 Lightsync Headset] Registering RGB controller
8693  |Info:    ------------------------------------------------------
8693  |Info:    |              Detecting other devices               |
8693  |Info:    ------------------------------------------------------
8697  |Info:    ------------------------------------------------------
8697  |Info:    |                Detection completed                 |
8697  |Info:    ------------------------------------------------------
