    OpenRGB v0.7
    Commit:  from 
    Launched: 20220209_150702
====================================================================================================

0     |Info:    Found file: Candy.orp attempting to validate header
0     |Info:    Valid v3 profile found for Candy
0     |Info:    Found file: CyanPink.orp attempting to validate header
0     |Info:    Valid v3 profile found for CyanPink
1003  |Info:    ------------------------------------------------------
1003  |Info:    |               Start device detection               |
1003  |Info:    ------------------------------------------------------
1003  |Info:    Initializing HID interfaces: Success
1007  |Info:    ------------------------------------------------------
1007  |Info:    |             Detecting I2C interfaces               |
1007  |Info:    ------------------------------------------------------
1007  |Info:    Registering I2C interface: /dev/i2c-3 Device 10DE:1AD9 Subsystem: 1458:400D
1007  |Info:    Registering I2C interface: /dev/i2c-1 Device 1022:790B Subsystem: 1043:87C0
1007  |Info:    Registering I2C interface: /dev/i2c-8 Device 10DE:1E84 Subsystem: 1458:400D
1007  |Info:    Registering I2C interface: /dev/i2c-6 Device 10DE:1E84 Subsystem: 1458:400D
1007  |Info:    Registering I2C interface: /dev/i2c-4 Device 10DE:1E84 Subsystem: 1458:400D
1007  |Info:    Registering I2C interface: /dev/i2c-2 Device 1022:790B Subsystem: 1043:87C0
1007  |Info:    Registering I2C interface: /dev/i2c-0 Device 1022:790B Subsystem: 1043:87C0
1008  |Info:    Registering I2C interface: /dev/i2c-9 Device 10DE:1E84 Subsystem: 1458:400D
1008  |Info:    Registering I2C interface: /dev/i2c-7 Device 10DE:1E84 Subsystem: 1458:400D
1008  |Info:    Registering I2C interface: /dev/i2c-5 Device 10DE:1E84 Subsystem: 1458:400D
1008  |Info:    ------------------------------------------------------
1008  |Info:    |               Detecting I2C devices                |
1008  |Info:    ------------------------------------------------------
1074  |Info:    Loading plugins
1828  |Info:    [ENE DRAM] Registering RGB controller
1977  |Info:    [ENE DRAM] Registering RGB controller
2125  |Info:    [ENE DRAM] Registering RGB controller
2273  |Info:    [ENE DRAM] Registering RGB controller
2415  |Info:    [Gigabyte RTX2070S Gaming OC 3X White] Registering RGB controller
2474  |Info:    ------------------------------------------------------
2474  |Info:    |               Detecting HID devices                |
2474  |Info:    ------------------------------------------------------
2486  |Info:    [Razer Blackwidow Chroma] Registering RGB controller
4401  |Info:    [NZXT Kraken X3] Registering RGB controller
4486  |Info:    [ASUS PRIME X570-PRO] Registering RGB controller
7672  |Info:    [NZXT Smart Device V2] Registering RGB controller
9266  |Info:    [Gaming Mouse G900] Registering RGB controller
9273  |Info:    [Logitech G933 Lightsync Headset] Registering RGB controller
9273  |Info:    ------------------------------------------------------
9273  |Info:    |              Detecting other devices               |
9273  |Info:    ------------------------------------------------------
9277  |Info:    ------------------------------------------------------
9277  |Info:    |                Detection completed                 |
9277  |Info:    ------------------------------------------------------
11786 |Info:    Profile loading: FAILED! for ENE DRAM @ I2C: /dev/i2c-0, address 0x70
11786 |Info:    Profile loading: FAILED! for ENE DRAM @ I2C: /dev/i2c-0, address 0x71
11786 |Info:    Profile loading: FAILED! for ENE DRAM @ I2C: /dev/i2c-0, address 0x72
11786 |Info:    Profile loading: FAILED! for ENE DRAM @ I2C: /dev/i2c-0, address 0x73
11786 |Info:    Profile loading: Succeeded for Gigabyte RTX2070S Gaming OC 3X White @ I2C: /dev/i2c-4, address 0x47
11786 |Info:    Profile loading: Succeeded for Razer Blackwidow Chroma @ HID: /dev/hidraw5
11786 |Info:    Profile loading: Succeeded for NZXT Kraken X3 @ HID: /dev/hidraw6
11786 |Info:    Profile loading: Succeeded for ASUS PRIME X570-PRO @ HID: /dev/hidraw0
11786 |Info:    Profile loading: Succeeded for NZXT Smart Device V2 @ HID: /dev/hidraw7
11786 |Info:    Profile loading: Succeeded for Gaming Mouse G900 @ HID: /dev/hidraw12 (Receiver) 
Wireless Index: 255
11786 |Info:    Profile loading: Succeeded for Logitech G933 Lightsync Headset @ HID: /dev/hidraw11
