    OpenRGB v0.7
    Commit:  from 
    Launched: 20220208_223056
====================================================================================================

0     |Info:    Found file: Candy.orp attempting to validate header
0     |Info:    Valid v3 profile found for Candy
0     |Info:    Found file: CyanPink.orp attempting to validate header
0     |Info:    Valid v3 profile found for CyanPink
1003  |Info:    ------------------------------------------------------
1003  |Info:    |               Start device detection               |
1003  |Info:    ------------------------------------------------------
1003  |Info:    Initializing HID interfaces: Success
1007  |Info:    ------------------------------------------------------
1007  |Info:    |             Detecting I2C interfaces               |
1007  |Info:    ------------------------------------------------------
1007  |Info:    Registering I2C interface: /dev/i2c-3 Device 1022:790B Subsystem: 1043:87C0
1007  |Info:    Registering I2C interface: /dev/i2c-1 Device 1022:790B Subsystem: 1043:87C0
1007  |Info:    Registering I2C interface: /dev/i2c-8 Device 10DE:1E84 Subsystem: 1458:400D
1007  |Info:    Registering I2C interface: /dev/i2c-6 Device 10DE:1E84 Subsystem: 1458:400D
1007  |Info:    Registering I2C interface: /dev/i2c-4 Device 10DE:1E84 Subsystem: 1458:400D
1008  |Info:    Registering I2C interface: /dev/i2c-2 Device 10DE:1AD9 Subsystem: 1458:400D
1008  |Info:    Registering I2C interface: /dev/i2c-0 Device 1022:790B Subsystem: 1043:87C0
1008  |Info:    Registering I2C interface: /dev/i2c-9 Device 10DE:1E84 Subsystem: 1458:400D
1008  |Info:    Registering I2C interface: /dev/i2c-7 Device 10DE:1E84 Subsystem: 1458:400D
1008  |Info:    Registering I2C interface: /dev/i2c-5 Device 10DE:1E84 Subsystem: 1458:400D
1008  |Info:    ------------------------------------------------------
1008  |Info:    |               Detecting I2C devices                |
1008  |Info:    ------------------------------------------------------
1071  |Info:    Loading plugins
1815  |Info:    [ENE DRAM] Registering RGB controller
1963  |Info:    [ENE DRAM] Registering RGB controller
2111  |Info:    [ENE DRAM] Registering RGB controller
2260  |Info:    [ENE DRAM] Registering RGB controller
2396  |Info:    [Gigabyte RTX2070S Gaming OC 3X White] Registering RGB controller
2455  |Info:    ------------------------------------------------------
2455  |Info:    |               Detecting HID devices                |
2455  |Info:    ------------------------------------------------------
2467  |Info:    [Razer Blackwidow Chroma] Registering RGB controller
4418  |Info:    [NZXT Kraken X3] Registering RGB controller
4504  |Info:    [ASUS PRIME X570-PRO] Registering RGB controller
7350  |Info:    [NZXT Smart Device V2] Registering RGB controller
8679  |Info:    [Gaming Mouse G900] Registering RGB controller
8680  |Info:    [Logitech G933 Lightsync Headset] Registering RGB controller
8680  |Info:    ------------------------------------------------------
8680  |Info:    |              Detecting other devices               |
8680  |Info:    ------------------------------------------------------
8683  |Info:    ------------------------------------------------------
8684  |Info:    |                Detection completed                 |
8684  |Info:    ------------------------------------------------------
17224 |Info:    Profile loading: FAILED! for ENE DRAM @ I2C: /dev/i2c-0, address 0x70
17224 |Info:    Profile loading: FAILED! for ENE DRAM @ I2C: /dev/i2c-0, address 0x71
17224 |Info:    Profile loading: FAILED! for ENE DRAM @ I2C: /dev/i2c-0, address 0x72
17224 |Info:    Profile loading: FAILED! for ENE DRAM @ I2C: /dev/i2c-0, address 0x73
17224 |Info:    Profile loading: Succeeded for Gigabyte RTX2070S Gaming OC 3X White @ I2C: /dev/i2c-4, address 0x47
17224 |Info:    Profile loading: Succeeded for Razer Blackwidow Chroma @ HID: /dev/hidraw8
17224 |Info:    Profile loading: Succeeded for NZXT Kraken X3 @ HID: /dev/hidraw6
17224 |Info:    Profile loading: Succeeded for ASUS PRIME X570-PRO @ HID: /dev/hidraw0
17224 |Info:    Profile loading: Succeeded for NZXT Smart Device V2 @ HID: /dev/hidraw7
17224 |Info:    Profile loading: Succeeded for Gaming Mouse G900 @ HID: /dev/hidraw12 (Receiver) 
Wireless Index: 255
17225 |Info:    Profile loading: Succeeded for Logitech G933 Lightsync Headset @ HID: /dev/hidraw11
20360 |Info:    Profile loading: FAILED! for ENE DRAM @ I2C: /dev/i2c-0, address 0x70
20360 |Info:    Profile loading: FAILED! for ENE DRAM @ I2C: /dev/i2c-0, address 0x71
20360 |Info:    Profile loading: FAILED! for ENE DRAM @ I2C: /dev/i2c-0, address 0x72
20360 |Info:    Profile loading: FAILED! for ENE DRAM @ I2C: /dev/i2c-0, address 0x73
20360 |Info:    Profile loading: Succeeded for Gigabyte RTX2070S Gaming OC 3X White @ I2C: /dev/i2c-4, address 0x47
20360 |Info:    Profile loading: Succeeded for Razer Blackwidow Chroma @ HID: /dev/hidraw8
20360 |Info:    Profile loading: Succeeded for NZXT Kraken X3 @ HID: /dev/hidraw6
20360 |Info:    Profile loading: Succeeded for ASUS PRIME X570-PRO @ HID: /dev/hidraw0
20360 |Info:    Profile loading: Succeeded for NZXT Smart Device V2 @ HID: /dev/hidraw7
20360 |Info:    Profile loading: Succeeded for Gaming Mouse G900 @ HID: /dev/hidraw12 (Receiver) 
Wireless Index: 255
20360 |Info:    Profile loading: Succeeded for Logitech G933 Lightsync Headset @ HID: /dev/hidraw11
41349 |Info:    Profile loading: FAILED! for ENE DRAM @ I2C: /dev/i2c-0, address 0x70
41349 |Info:    Profile loading: FAILED! for ENE DRAM @ I2C: /dev/i2c-0, address 0x71
41349 |Info:    Profile loading: FAILED! for ENE DRAM @ I2C: /dev/i2c-0, address 0x72
41349 |Info:    Profile loading: FAILED! for ENE DRAM @ I2C: /dev/i2c-0, address 0x73
41349 |Info:    Profile loading: Succeeded for Gigabyte RTX2070S Gaming OC 3X White @ I2C: /dev/i2c-4, address 0x47
41349 |Info:    Profile loading: Succeeded for Razer Blackwidow Chroma @ HID: /dev/hidraw8
41349 |Info:    Profile loading: Succeeded for NZXT Kraken X3 @ HID: /dev/hidraw6
41349 |Info:    Profile loading: Succeeded for ASUS PRIME X570-PRO @ HID: /dev/hidraw0
41349 |Info:    Profile loading: Succeeded for NZXT Smart Device V2 @ HID: /dev/hidraw7
41349 |Info:    Profile loading: Succeeded for Gaming Mouse G900 @ HID: /dev/hidraw12 (Receiver) 
Wireless Index: 255
41349 |Info:    Profile loading: Succeeded for Logitech G933 Lightsync Headset @ HID: /dev/hidraw11
