    OpenRGB v0.7
    Commit:  from 
    Launched: 20220210_172412
====================================================================================================

0     |Info:    Found file: solarized.orp attempting to validate header
0     |Info:    Valid v3 profile found for solarized
0     |Info:    Found file: Candy.orp attempting to validate header
0     |Info:    Valid v3 profile found for Candy
0     |Info:    Found file: CyanPink.orp attempting to validate header
0     |Info:    Valid v3 profile found for CyanPink
1003  |Info:    ------------------------------------------------------
1003  |Info:    |               Start device detection               |
1003  |Info:    ------------------------------------------------------
1003  |Info:    Initializing HID interfaces: Success
1006  |Info:    ------------------------------------------------------
1006  |Info:    |             Detecting I2C interfaces               |
1006  |Info:    ------------------------------------------------------
1006  |Info:    Registering I2C interface: /dev/i2c-3 Device 1022:790B Subsystem: 1043:87C0
1006  |Info:    Registering I2C interface: /dev/i2c-1 Device 1022:790B Subsystem: 1043:87C0
1006  |Info:    Registering I2C interface: /dev/i2c-8 Device 10DE:1E84 Subsystem: 1458:400D
1006  |Info:    Registering I2C interface: /dev/i2c-6 Device 10DE:1E84 Subsystem: 1458:400D
1006  |Info:    Registering I2C interface: /dev/i2c-4 Device 10DE:1E84 Subsystem: 1458:400D
1006  |Info:    Registering I2C interface: /dev/i2c-2 Device 1022:790B Subsystem: 1043:87C0
1006  |Info:    Registering I2C interface: /dev/i2c-0 Device 10DE:1AD9 Subsystem: 1458:400D
1006  |Info:    Registering I2C interface: /dev/i2c-9 Device 10DE:1E84 Subsystem: 1458:400D
1006  |Info:    Registering I2C interface: /dev/i2c-7 Device 10DE:1E84 Subsystem: 1458:400D
1006  |Info:    Registering I2C interface: /dev/i2c-5 Device 10DE:1E84 Subsystem: 1458:400D
1006  |Info:    ------------------------------------------------------
1006  |Info:    |               Detecting I2C devices                |
1006  |Info:    ------------------------------------------------------
1764  |Info:    [ENE DRAM] Registering RGB controller
1913  |Info:    [ENE DRAM] Registering RGB controller
2062  |Info:    [ENE DRAM] Registering RGB controller
2211  |Info:    [ENE DRAM] Registering RGB controller
2378  |Info:    [Gigabyte RTX2070S Gaming OC 3X White] Registering RGB controller
2438  |Info:    ------------------------------------------------------
2438  |Info:    |               Detecting HID devices                |
2438  |Info:    ------------------------------------------------------
2451  |Info:    [Razer Blackwidow Chroma] Registering RGB controller
4316  |Info:    [NZXT Kraken X3] Registering RGB controller
4399  |Info:    [ASUS PRIME X570-PRO] Registering RGB controller
7937  |Info:    [NZXT Smart Device V2] Registering RGB controller
8291  |Info:    Unable add this Logitech device: Not Connected
8645  |Info:    Unable add this Logitech device: Not Connected
8999  |Info:    Unable add this Logitech device: Not Connected
9353  |Info:    Unable add this Logitech device: Not Connected
9707  |Info:    Unable add this Logitech device: Not Connected
10061 |Info:    Unable add this Logitech device: Not Connected
10415 |Info:    Unable add this Logitech device: Not Connected
10769 |Info:    Unable add this Logitech device: Not Connected
11123 |Info:    Unable add this Logitech device: Not Connected
11477 |Info:    Unable add this Logitech device: Not Connected
11477 |Info:    [Logitech G933 Lightsync Headset] Registering RGB controller
11477 |Info:    ------------------------------------------------------
11477 |Info:    |              Detecting other devices               |
11477 |Info:    ------------------------------------------------------
11482 |Info:    ------------------------------------------------------
11482 |Info:    |                Detection completed                 |
11482 |Info:    ------------------------------------------------------
