    OpenRGB v0.7
    Commit:  from 
    Launched: 20220210_212148
====================================================================================================

0     |Info:    Found file: solarized.orp attempting to validate header
0     |Info:    Valid v3 profile found for solarized
0     |Info:    Found file: Candy.orp attempting to validate header
0     |Info:    Valid v3 profile found for Candy
0     |Info:    Found file: CyanPink.orp attempting to validate header
0     |Info:    Valid v3 profile found for CyanPink
1000  |Info:    ------------------------------------------------------
1000  |Info:    |               Start device detection               |
1000  |Info:    ------------------------------------------------------
1000  |Info:    Initializing HID interfaces: Success
1003  |Info:    ------------------------------------------------------
1003  |Info:    |             Detecting I2C interfaces               |
1003  |Info:    ------------------------------------------------------
1003  |Info:    Registering I2C interface: /dev/i2c-3 Device 1022:790B Subsystem: 1043:87C0
1003  |Info:    Registering I2C interface: /dev/i2c-1 Device 1022:790B Subsystem: 1043:87C0
1003  |Info:    Registering I2C interface: /dev/i2c-8 Device 10DE:1E84 Subsystem: 1458:400D
1003  |Info:    Registering I2C interface: /dev/i2c-6 Device 10DE:1E84 Subsystem: 1458:400D
1003  |Info:    Registering I2C interface: /dev/i2c-4 Device 10DE:1E84 Subsystem: 1458:400D
1004  |Info:    Registering I2C interface: /dev/i2c-2 Device 1022:790B Subsystem: 1043:87C0
1004  |Info:    Registering I2C interface: /dev/i2c-0 Device 10DE:1AD9 Subsystem: 1458:400D
1004  |Info:    Registering I2C interface: /dev/i2c-9 Device 10DE:1E84 Subsystem: 1458:400D
1004  |Info:    Registering I2C interface: /dev/i2c-7 Device 10DE:1E84 Subsystem: 1458:400D
1004  |Info:    Registering I2C interface: /dev/i2c-5 Device 10DE:1E84 Subsystem: 1458:400D
1004  |Info:    ------------------------------------------------------
1004  |Info:    |               Detecting I2C devices                |
1004  |Info:    ------------------------------------------------------
1759  |Info:    [ENE DRAM] Registering RGB controller
1909  |Info:    [ENE DRAM] Registering RGB controller
2059  |Info:    [ENE DRAM] Registering RGB controller
2208  |Info:    [ENE DRAM] Registering RGB controller
2375  |Info:    [Gigabyte RTX2070S Gaming OC 3X White] Registering RGB controller
2434  |Info:    ------------------------------------------------------
2434  |Info:    |               Detecting HID devices                |
2434  |Info:    ------------------------------------------------------
2446  |Info:    [Razer Blackwidow Chroma] Registering RGB controller
4350  |Info:    [NZXT Kraken X3] Registering RGB controller
4432  |Info:    [ASUS PRIME X570-PRO] Registering RGB controller
7803  |Info:    [NZXT Smart Device V2] Registering RGB controller
8427  |Info:    [Gaming Mouse G900] Registering RGB controller
8427  |Info:    [Logitech G933 Lightsync Headset] Registering RGB controller
8427  |Info:    ------------------------------------------------------
8427  |Info:    |              Detecting other devices               |
8427  |Info:    ------------------------------------------------------
8430  |Info:    ------------------------------------------------------
8430  |Info:    |                Detection completed                 |
8430  |Info:    ------------------------------------------------------
