    OpenRGB v0.7
    Commit:  from 
    Launched: 20220212_135616
====================================================================================================

0     |Info:    Found file: solarized.orp attempting to validate header
0     |Info:    Valid v3 profile found for solarized
0     |Info:    Found file: Candy.orp attempting to validate header
0     |Info:    Valid v3 profile found for Candy
0     |Info:    Found file: CyanPink.orp attempting to validate header
0     |Info:    Valid v3 profile found for CyanPink
1000  |Info:    ------------------------------------------------------
1000  |Info:    |               Start device detection               |
1000  |Info:    ------------------------------------------------------
1000  |Info:    Initializing HID interfaces: Success
1005  |Info:    ------------------------------------------------------
1005  |Info:    |             Detecting I2C interfaces               |
1005  |Info:    ------------------------------------------------------
1005  |Info:    Registering I2C interface: /dev/i2c-3 Device 1022:790B Subsystem: 1043:87C0
1005  |Info:    Registering I2C interface: /dev/i2c-1 Device 1022:790B Subsystem: 1043:87C0
1005  |Info:    Registering I2C interface: /dev/i2c-8 Device 10DE:1E84 Subsystem: 1458:400D
1005  |Info:    Registering I2C interface: /dev/i2c-6 Device 10DE:1E84 Subsystem: 1458:400D
1005  |Info:    Registering I2C interface: /dev/i2c-4 Device 10DE:1E84 Subsystem: 1458:400D
1005  |Info:    Registering I2C interface: /dev/i2c-2 Device 1022:790B Subsystem: 1043:87C0
1005  |Info:    Registering I2C interface: /dev/i2c-0 Device 10DE:1AD9 Subsystem: 1458:400D
1005  |Info:    Registering I2C interface: /dev/i2c-9 Device 10DE:1E84 Subsystem: 1458:400D
1005  |Info:    Registering I2C interface: /dev/i2c-7 Device 10DE:1E84 Subsystem: 1458:400D
1005  |Info:    Registering I2C interface: /dev/i2c-5 Device 10DE:1E84 Subsystem: 1458:400D
1005  |Info:    ------------------------------------------------------
1005  |Info:    |               Detecting I2C devices                |
1005  |Info:    ------------------------------------------------------
1066  |Info:    Loading plugins
1861  |Info:    ------------------------------------------------------
1861  |Info:    |               Detecting HID devices                |
1861  |Info:    ------------------------------------------------------
1872  |Info:    [Razer Blackwidow Chroma] Registering RGB controller
3662  |Info:    [NZXT Kraken X3] Registering RGB controller
4084  |Info:    [Gaming Mouse G900] Registering RGB controller
4171  |Info:    [ASUS PRIME X570-PRO] Registering RGB controller
7159  |Info:    [NZXT Smart Device V2] Registering RGB controller
7513  |Info:    Unable add this Logitech device: Not Connected
7867  |Info:    Unable add this Logitech device: Not Connected
8221  |Info:    Unable add this Logitech device: Not Connected
8575  |Info:    Unable add this Logitech device: Not Connected
8929  |Info:    Unable add this Logitech device: Not Connected
9283  |Info:    Unable add this Logitech device: Not Connected
9637  |Info:    Unable add this Logitech device: Not Connected
9991  |Info:    Unable add this Logitech device: Not Connected
10345 |Info:    Unable add this Logitech device: Not Connected
10699 |Info:    Unable add this Logitech device: Not Connected
10699 |Info:    [Logitech G933 Lightsync Headset] Registering RGB controller
10699 |Info:    ------------------------------------------------------
10699 |Info:    |              Detecting other devices               |
10699 |Info:    ------------------------------------------------------
10704 |Info:    ------------------------------------------------------
10704 |Info:    |                Detection completed                 |
10704 |Info:    ------------------------------------------------------
