    OpenRGB v0.7
    Commit:  from 
    Launched: 20220212_135850
====================================================================================================

0     |Info:    Found file: solarized.orp attempting to validate header
0     |Info:    Valid v3 profile found for solarized
0     |Info:    Found file: Candy.orp attempting to validate header
0     |Info:    Valid v3 profile found for Candy
0     |Info:    Found file: CyanPink.orp attempting to validate header
0     |Info:    Valid v3 profile found for CyanPink
1000  |Info:    ------------------------------------------------------
1000  |Info:    |               Start device detection               |
1000  |Info:    ------------------------------------------------------
1000  |Info:    Initializing HID interfaces: Success
1005  |Info:    ------------------------------------------------------
1005  |Info:    |             Detecting I2C interfaces               |
1005  |Info:    ------------------------------------------------------
1005  |Info:    Registering I2C interface: /dev/i2c-3 Device 1022:790B Subsystem: 1043:87C0
1005  |Info:    Registering I2C interface: /dev/i2c-1 Device 1022:790B Subsystem: 1043:87C0
1005  |Info:    Registering I2C interface: /dev/i2c-8 Device 10DE:1E84 Subsystem: 1458:400D
1005  |Info:    Registering I2C interface: /dev/i2c-6 Device 10DE:1E84 Subsystem: 1458:400D
1006  |Info:    Registering I2C interface: /dev/i2c-4 Device 10DE:1E84 Subsystem: 1458:400D
1006  |Info:    Registering I2C interface: /dev/i2c-2 Device 1022:790B Subsystem: 1043:87C0
1006  |Info:    Registering I2C interface: /dev/i2c-0 Device 10DE:1AD9 Subsystem: 1458:400D
1006  |Info:    Registering I2C interface: /dev/i2c-9 Device 10DE:1E84 Subsystem: 1458:400D
1006  |Info:    Registering I2C interface: /dev/i2c-7 Device 10DE:1E84 Subsystem: 1458:400D
1006  |Info:    Registering I2C interface: /dev/i2c-5 Device 10DE:1E84 Subsystem: 1458:400D
1006  |Info:    ------------------------------------------------------
1006  |Info:    |               Detecting I2C devices                |
1006  |Info:    ------------------------------------------------------
1064  |Info:    Loading plugins
1864  |Info:    ------------------------------------------------------
1864  |Info:    |               Detecting HID devices                |
1864  |Info:    ------------------------------------------------------
1878  |Info:    [Razer Blackwidow Chroma] Registering RGB controller
3834  |Info:    [NZXT Kraken X3] Registering RGB controller
4256  |Info:    [Gaming Mouse G900] Registering RGB controller
4342  |Info:    [ASUS PRIME X570-PRO] Registering RGB controller
7810  |Info:    [NZXT Smart Device V2] Registering RGB controller
8164  |Info:    Unable add this Logitech device: Not Connected
8518  |Info:    Unable add this Logitech device: Not Connected
8872  |Info:    Unable add this Logitech device: Not Connected
9226  |Info:    Unable add this Logitech device: Not Connected
9580  |Info:    Unable add this Logitech device: Not Connected
9934  |Info:    Unable add this Logitech device: Not Connected
10288 |Info:    Unable add this Logitech device: Not Connected
10642 |Info:    Unable add this Logitech device: Not Connected
10996 |Info:    Unable add this Logitech device: Not Connected
11350 |Info:    Unable add this Logitech device: Not Connected
11350 |Info:    [Logitech G933 Lightsync Headset] Registering RGB controller
11350 |Info:    ------------------------------------------------------
11350 |Info:    |              Detecting other devices               |
11350 |Info:    ------------------------------------------------------
11354 |Info:    ------------------------------------------------------
11354 |Info:    |                Detection completed                 |
11354 |Info:    ------------------------------------------------------
37725 |Info:    ------------------------------------------------------
37725 |Info:    |               Start device detection               |
37725 |Info:    ------------------------------------------------------
37725 |Info:    Initializing HID interfaces: Success
37728 |Info:    ------------------------------------------------------
37728 |Info:    |             Detecting I2C interfaces               |
37728 |Info:    ------------------------------------------------------
37729 |Info:    Registering I2C interface: /dev/i2c-3 Device 1022:790B Subsystem: 1043:87C0
37729 |Info:    Registering I2C interface: /dev/i2c-1 Device 1022:790B Subsystem: 1043:87C0
37729 |Info:    Registering I2C interface: /dev/i2c-8 Device 10DE:1E84 Subsystem: 1458:400D
37729 |Info:    Registering I2C interface: /dev/i2c-6 Device 10DE:1E84 Subsystem: 1458:400D
37729 |Info:    Registering I2C interface: /dev/i2c-4 Device 10DE:1E84 Subsystem: 1458:400D
37729 |Info:    Registering I2C interface: /dev/i2c-2 Device 1022:790B Subsystem: 1043:87C0
37729 |Info:    Registering I2C interface: /dev/i2c-0 Device 10DE:1AD9 Subsystem: 1458:400D
37729 |Info:    Registering I2C interface: /dev/i2c-9 Device 10DE:1E84 Subsystem: 1458:400D
37729 |Info:    Registering I2C interface: /dev/i2c-7 Device 10DE:1E84 Subsystem: 1458:400D
37729 |Info:    Registering I2C interface: /dev/i2c-5 Device 10DE:1E84 Subsystem: 1458:400D
37729 |Info:    ------------------------------------------------------
37729 |Info:    |               Detecting I2C devices                |
37729 |Info:    ------------------------------------------------------
38585 |Info:    ------------------------------------------------------
38585 |Info:    |               Detecting HID devices                |
38585 |Info:    ------------------------------------------------------
38599 |Info:    [Razer Blackwidow Chroma] Registering RGB controller
40498 |Info:    [NZXT Kraken X3] Registering RGB controller
40920 |Info:    [Gaming Mouse G900] Registering RGB controller
41002 |Info:    [ASUS PRIME X570-PRO] Registering RGB controller
43844 |Info:    [NZXT Smart Device V2] Registering RGB controller
44198 |Info:    Unable add this Logitech device: Not Connected
44552 |Info:    Unable add this Logitech device: Not Connected
44906 |Info:    Unable add this Logitech device: Not Connected
45260 |Info:    Unable add this Logitech device: Not Connected
45614 |Info:    Unable add this Logitech device: Not Connected
45968 |Info:    Unable add this Logitech device: Not Connected
46322 |Info:    Unable add this Logitech device: Not Connected
46676 |Info:    Unable add this Logitech device: Not Connected
47030 |Info:    Unable add this Logitech device: Not Connected
47384 |Info:    Unable add this Logitech device: Not Connected
47384 |Info:    [Logitech G933 Lightsync Headset] Registering RGB controller
47384 |Info:    ------------------------------------------------------
47384 |Info:    |              Detecting other devices               |
47384 |Info:    ------------------------------------------------------
47384 |Info:    ------------------------------------------------------
47384 |Info:    |                Detection completed                 |
47384 |Info:    ------------------------------------------------------
